<?xml version="1.0" encoding="utf-8"?><testsuites name="pytest tests"><testsuite name="pytest" errors="0" failures="0" skipped="0" tests="14" time="4.083" timestamp="2026-05-14T16:37:26.182764+00:00" hostname="agent-env-cb8df091-1d9b-4473-9be5-ad72bf9be5f9"><testcase classname="backend.tests.test_phase_a" name="test_fixed_expenses_crud" time="1.100" /><testcase classname="backend.tests.test_phase_a" name="test_fixed_expense_for_projection_seed" time="0.079" /><testcase classname="backend.tests.test_phase_a" name="test_installments_crud" time="0.365" /><testcase classname="backend.tests.test_phase_a" name="test_installment_active_for_projection" time="0.076" /><testcase classname="backend.tests.test_phase_a" name="test_subscriptions_crud" time="0.409" /><testcase classname="backend.tests.test_phase_a" name="test_categories_auto_seed_on_first_get" time="0.084" /><testcase classname="backend.tests.test_phase_a" name="test_categories_idempotent_seed" time="0.163" /><testcase classname="backend.tests.test_phase_a" name="test_categories_custom_create_delete" time="0.347" /><testcase classname="backend.tests.test_phase_a" name="test_projection_default" time="0.243" /><testcase classname="backend.tests.test_phase_a" name="test_projection_months_param" time="0.157" /><testcase classname="backend.tests.test_phase_a" name="test_existing_dashboard_still_ok" time="0.080" /><testcase classname="backend.tests.test_phase_a" name="test_existing_goals_still_ok" time="0.162" /><testcase classname="backend.tests.test_phase_a" name="test_existing_cards_still_ok" time="0.219" /><testcase classname="backend.tests.test_phase_a" name="test_new_endpoints_require_auth" time="0.402" /></testsuite></testsuites>