<?xml version="1.0" encoding="utf-8"?><testsuites name="pytest tests"><testsuite name="pytest" errors="0" failures="0" skipped="0" tests="14" time="10.153" timestamp="2026-05-14T15:02:46.715991+00:00" hostname="agent-env-cb8df091-1d9b-4473-9be5-ad72bf9be5f9"><testcase classname="tests.test_nocker_backend" name="test_health" time="0.204" /><testcase classname="tests.test_nocker_backend" name="test_register_and_me" time="0.365" /><testcase classname="tests.test_nocker_backend" name="test_login_existing_seed" time="0.279" /><testcase classname="tests.test_nocker_backend" name="test_login_wrong_password" time="0.285" /><testcase classname="tests.test_nocker_backend" name="test_me_requires_token" time="0.058" /><testcase classname="tests.test_nocker_backend" name="test_create_income_and_expense" time="0.444" /><testcase classname="tests.test_nocker_backend" name="test_list_transactions" time="0.056" /><testcase classname="tests.test_nocker_backend" name="test_delete_transaction" time="0.132" /><testcase classname="tests.test_nocker_backend" name="test_create_and_list_card" time="0.835" /><testcase classname="tests.test_nocker_backend" name="test_delete_card" time="0.057" /><testcase classname="tests.test_nocker_backend" name="test_goal_crud" time="1.944" /><testcase classname="tests.test_nocker_backend" name="test_dashboard_summary" time="0.066" /><testcase classname="tests.test_nocker_backend" name="test_chat_nocker_ia" time="5.273" /><testcase classname="tests.test_nocker_backend" name="test_chat_history" time="0.068" /></testsuite></testsuites>